Using pre-set license
Built from '2021.1/release' branch; Version is '2021.1.0f1 (61a549675243) revision 6399305'; Using compiler version '192528614'; Build Type 'Release'
OS: 'Windows 10 Pro; OS build 19042.1237; Version 2009; 64bit' Language: 'en' Physical Memory: 8183 MB
BatchMode: 1, IsHumanControllingUs: 0, StartBugReporterOnCrash: 0, Is64bit: 1, IsPro: 0

 COMMAND LINE ARGUMENTS:
C:\Program Files\Unity\Hub\Editor\2021.1.0f1\Editor\Unity.exe
-adb2
-batchMode
-noUpm
-name
AssetImportWorker2
-projectPath
C:/Голубев/MyProjects/Bugs/Angry_Ants
-logFile
Logs/AssetImportWorker2.log
-srvPort
63990
Successfully changed project path to: C:/Голубев/MyProjects/Bugs/Angry_Ants
C:/Голубев/MyProjects/Bugs/Angry_Ants
Using Asset Import Pipeline V2.
Refreshing native plugins compatible for Editor in 269.12 ms, found 2 plugins.
Preloading 0 native plugins for Editor in 0.00 ms.
Initialize engine version: 2021.1.0f1 (61a549675243)
[Subsystems] Discovering subsystems at path C:/Program Files/Unity/Hub/Editor/2021.1.0f1/Editor/Data/Resources/UnitySubsystems
[Subsystems] Discovering subsystems at path C:/Голубев/MyProjects/Bugs/Angry_Ants/Assets
GfxDevice: creating device client; threaded=0; jobified=0
Direct3D:
    Version:  Direct3D 11.0 [level 11.1]
    Renderer: NVIDIA GeForce GTX 1070 (ID=0x1b81)
    Vendor:   NVIDIA
    VRAM:     8088 MB
    Driver:   27.21.14.6172
Initialize mono
Mono path[0] = 'C:/Program Files/Unity/Hub/Editor/2021.1.0f1/Editor/Data/Managed'
Mono path[1] = 'C:/Program Files/Unity/Hub/Editor/2021.1.0f1/Editor/Data/MonoBleedingEdge/lib/mono/unityjit'
Mono config path = 'C:/Program Files/Unity/Hub/Editor/2021.1.0f1/Editor/Data/MonoBleedingEdge/etc'
Using monoOptions --debugger-agent=transport=dt_socket,embedding=1,server=y,suspend=n,address=127.0.0.1:56668
Begin MonoManager ReloadAssembly
Registering precompiled unity dll's ...
Register platform support module: C:/Program Files/Unity/Hub/Editor/2021.1.0f1/Editor/Data/PlaybackEngines/WindowsStandaloneSupport/UnityEditor.WindowsStandalone.Extensions.dll
Registered in 0.004419 seconds.
Native extension for WindowsStandalone target not found
Refreshing native plugins compatible for Editor in 239.87 ms, found 2 plugins.
Preloading 0 native plugins for Editor in 0.00 ms.
Mono: successfully reloaded assembly
- Completed reload, in  3.676 seconds
Platform modules already initialized, skipping
Registering precompiled user dll's ...
Registered in 0.006123 seconds.
Begin MonoManager ReloadAssembly
Native extension for WindowsStandalone target not found
Refreshing native plugins compatible for Editor in 5.78 ms, found 2 plugins.
Preloading 0 native plugins for Editor in 0.00 ms.
Mono: successfully reloaded assembly
- Completed reload, in  3.069 seconds
Platform modules already initialized, skipping
========================================================================
Worker process is ready to serve import requests
Launched and connected shader compiler UnityShaderCompiler.exe after 0.16 seconds
Refreshing native plugins compatible for Editor in 1.48 ms, found 2 plugins.
Preloading 0 native plugins for Editor in 0.00 ms.
Unloading 3326 Unused Serialized files (Serialized files now loaded: 0)
System memory in use before: 136.2 MB.
System memory in use after: 136.3 MB.

Unloading 92 unused Assets to reduce memory usage. Loaded Objects now: 3775.
Total: 8.321200 ms (FindLiveObjects: 0.640000 ms CreateObjectMapping: 0.212300 ms MarkObjects: 6.657200 ms  DeleteObjects: 0.620000 ms)

========================================================================
Received Import Request.
  path: Assets/Scripts/PlayerController.cs
  artifactKey: Guid(cc6c1ad425642a04a84d75b07352b216) Importer(815301076,1909f56bfc062723c751e8b465ee728b)
Start importing Assets/Scripts/PlayerController.cs using Guid(cc6c1ad425642a04a84d75b07352b216) Importer(815301076,1909f56bfc062723c751e8b465ee728b)  -> (artifact id: '0ca771b48a6a136c87106de8d150b2c7') in 0.067959 seconds 
========================================================================
Received Import Request.
  Time since last request: 0.940056 seconds.
  path: Assets/Scripts/PlayerController.cs
  artifactKey: Guid(cc6c1ad425642a04a84d75b07352b216) Importer(815301076,1909f56bfc062723c751e8b465ee728b)
Start importing Assets/Scripts/PlayerController.cs using Guid(cc6c1ad425642a04a84d75b07352b216) Importer(815301076,1909f56bfc062723c751e8b465ee728b)  -> (artifact id: '06b599f0b6857c50d3fa45cca0f8405f') in 0.011438 seconds 
========================================================================
Received Import Request.
  Time since last request: 9.273234 seconds.
  path: Assets/Scripts/PlayerController.cs
  artifactKey: Guid(cc6c1ad425642a04a84d75b07352b216) Importer(815301076,1909f56bfc062723c751e8b465ee728b)
Start importing Assets/Scripts/PlayerController.cs using Guid(cc6c1ad425642a04a84d75b07352b216) Importer(815301076,1909f56bfc062723c751e8b465ee728b)  -> (artifact id: 'd7afa998f1228c66a40075fbaf2a58f2') in 0.022848 seconds 
========================================================================
Received Import Request.
  Time since last request: 47.957163 seconds.
  path: Assets/Scripts/PlayerController.cs
  artifactKey: Guid(cc6c1ad425642a04a84d75b07352b216) Importer(815301076,1909f56bfc062723c751e8b465ee728b)
Start importing Assets/Scripts/PlayerController.cs using Guid(cc6c1ad425642a04a84d75b07352b216) Importer(815301076,1909f56bfc062723c751e8b465ee728b)  -> (artifact id: 'c288dd4f8a08e88f0797d963bd8eb639') in 0.014588 seconds 
========================================================================
Received Import Request.
  Time since last request: 13.386759 seconds.
  path: Assets/Scripts/PlayerController.cs
  artifactKey: Guid(cc6c1ad425642a04a84d75b07352b216) Importer(815301076,1909f56bfc062723c751e8b465ee728b)
Start importing Assets/Scripts/PlayerController.cs using Guid(cc6c1ad425642a04a84d75b07352b216) Importer(815301076,1909f56bfc062723c751e8b465ee728b)  -> (artifact id: '0129b9fa98e699af933e836f804e3f62') in 0.007982 seconds 
========================================================================
Received Prepare
Registering precompiled user dll's ...
Registered in 0.006792 seconds.
Begin MonoManager ReloadAssembly
Native extension for WindowsStandalone target not found
Refreshing native plugins compatible for Editor in 1.25 ms, found 2 plugins.
Preloading 0 native plugins for Editor in 0.00 ms.
Warning: Annotation not found!
UnityEngine.StackTraceUtility:ExtractStackTrace ()
UnityEditor.ProBuilder.EditorUtility:SetGizmoIconEnabled (System.Type,bool) (at Library/PackageCache/com.unity.probuilder@5.0.3/Editor/EditorCore/EditorUtility.cs:575)
UnityEditor.ProBuilder.HierarchyListener:.cctor () (at Library/PackageCache/com.unity.probuilder@5.0.3/Editor/EditorCore/HierarchyListener.cs:21)
System.Runtime.CompilerServices.RuntimeHelpers:RunClassConstructor (System.RuntimeTypeHandle)
UnityEditor.EditorAssemblies:ProcessInitializeOnLoadAttributes (System.Type[])

[Library/PackageCache/com.unity.probuilder@5.0.3/Editor/EditorCore/EditorUtility.cs line 575]

Mono: successfully reloaded assembly
- Completed reload, in  1.991 seconds
Platform modules already initialized, skipping
Refreshing native plugins compatible for Editor in 1.54 ms, found 2 plugins.
Preloading 0 native plugins for Editor in 0.00 ms.
Unloading 3285 Unused Serialized files (Serialized files now loaded: 0)
System memory in use before: 134.2 MB.
System memory in use after: 134.4 MB.

Unloading 14 unused Assets to reduce memory usage. Loaded Objects now: 3778.
Total: 7.056700 ms (FindLiveObjects: 0.762300 ms CreateObjectMapping: 0.213500 ms MarkObjects: 5.886700 ms  DeleteObjects: 0.190900 ms)

========================================================================
Received Import Request.
  Time since last request: 40.427369 seconds.
  path: Assets/Animators
  artifactKey: Guid(c8fdb5fc21cf51c41936554fdb09c7b6) Importer(815301076,1909f56bfc062723c751e8b465ee728b)
Start importing Assets/Animators using Guid(c8fdb5fc21cf51c41936554fdb09c7b6) Importer(815301076,1909f56bfc062723c751e8b465ee728b)  -> (artifact id: 'c26f1d1cae6c9185007313ec78f4170c') in 0.048493 seconds 
========================================================================
Received Import Request.
  Time since last request: 1.945382 seconds.
  path: Assets/Spider.controller
  artifactKey: Guid(53199e4bf3cd267489395f6f296613a1) Importer(815301076,1909f56bfc062723c751e8b465ee728b)
Start importing Assets/Spider.controller using Guid(53199e4bf3cd267489395f6f296613a1) Importer(815301076,1909f56bfc062723c751e8b465ee728b)  -> (artifact id: '0ce23a85313f246fa36e91d136baca57') in 0.044735 seconds 
========================================================================
Received Import Request.
  Time since last request: 18.638073 seconds.
  path: Assets/External Assets
  artifactKey: Guid(67c1bb2754c78d341855f7aeb64c5260) Importer(815301076,1909f56bfc062723c751e8b465ee728b)
Start importing Assets/External Assets using Guid(67c1bb2754c78d341855f7aeb64c5260) Importer(815301076,1909f56bfc062723c751e8b465ee728b)  -> (artifact id: '2569f21666f2fe2e3a0458e0d9d571db') in 0.027897 seconds 
========================================================================
Received Prepare
Registering precompiled user dll's ...
Registered in 0.010969 seconds.
Begin MonoManager ReloadAssembly
Native extension for WindowsStandalone target not found
Refreshing native plugins compatible for Editor in 1.49 ms, found 2 plugins.
Preloading 0 native plugins for Editor in 0.00 ms.
Warning: Annotation not found!
UnityEngine.StackTraceUtility:ExtractStackTrace ()
UnityEditor.ProBuilder.EditorUtility:SetGizmoIconEnabled (System.Type,bool) (at Library/PackageCache/com.unity.probuilder@5.0.3/Editor/EditorCore/EditorUtility.cs:575)
UnityEditor.ProBuilder.HierarchyListener:.cctor () (at Library/PackageCache/com.unity.probuilder@5.0.3/Editor/EditorCore/HierarchyListener.cs:21)
System.Runtime.CompilerServices.RuntimeHelpers:RunClassConstructor (System.RuntimeTypeHandle)
UnityEditor.EditorAssemblies:ProcessInitializeOnLoadAttributes (System.Type[])

[Library/PackageCache/com.unity.probuilder@5.0.3/Editor/EditorCore/EditorUtility.cs line 575]

Mono: successfully reloaded assembly
- Completed reload, in  2.158 seconds
Platform modules already initialized, skipping
Refreshing native plugins compatible for Editor in 1.81 ms, found 2 plugins.
Preloading 0 native plugins for Editor in 0.00 ms.
Unloading 3285 Unused Serialized files (Serialized files now loaded: 0)
System memory in use before: 134.2 MB.
System memory in use after: 134.4 MB.

Unloading 14 unused Assets to reduce memory usage. Loaded Objects now: 3781.
Total: 6.718000 ms (FindLiveObjects: 0.482100 ms CreateObjectMapping: 0.222200 ms MarkObjects: 5.834400 ms  DeleteObjects: 0.175800 ms)

========================================================================
Received Import Request.
  Time since last request: 35.033656 seconds.
  path: Assets/Scripts/Base/FieldBounds.cs
  artifactKey: Guid(39be631a4cd6d8d4d87419092a8af7b0) Importer(815301076,1909f56bfc062723c751e8b465ee728b)
Start importing Assets/Scripts/Base/FieldBounds.cs using Guid(39be631a4cd6d8d4d87419092a8af7b0) Importer(815301076,1909f56bfc062723c751e8b465ee728b)  -> (artifact id: '6554f6ada8d05377b31ec6e44f77b4d0') in 0.029322 seconds 
========================================================================
Received Import Request.
  Time since last request: 23.996852 seconds.
  path: Assets/Scripts/Base/SpawnController.cs
  artifactKey: Guid(a8d4a30d772604f4f8e320e98aab93ee) Importer(815301076,1909f56bfc062723c751e8b465ee728b)
Start importing Assets/Scripts/Base/SpawnController.cs using Guid(a8d4a30d772604f4f8e320e98aab93ee) Importer(815301076,1909f56bfc062723c751e8b465ee728b)  -> (artifact id: '48ece8e1ae4b18c5f81dc165639b07fe') in 0.019463 seconds 
========================================================================
Received Import Request.
  Time since last request: 5.788933 seconds.
  path: Assets/Scripts/Factories/EnemyFactory.cs
  artifactKey: Guid(b0a8874147f980c44b25754b48cf23c1) Importer(815301076,1909f56bfc062723c751e8b465ee728b)
Start importing Assets/Scripts/Factories/EnemyFactory.cs using Guid(b0a8874147f980c44b25754b48cf23c1) Importer(815301076,1909f56bfc062723c751e8b465ee728b)  -> (artifact id: 'cff42e9c2a4482ceda795ccf5a766d72') in 0.019470 seconds 
========================================================================
Received Import Request.
  Time since last request: 1.473690 seconds.
  path: Assets/Scripts/Factories/BugCreator.cs
  artifactKey: Guid(c6834023a11ad6e498be8196ec9f44c5) Importer(815301076,1909f56bfc062723c751e8b465ee728b)
Start importing Assets/Scripts/Factories/BugCreator.cs using Guid(c6834023a11ad6e498be8196ec9f44c5) Importer(815301076,1909f56bfc062723c751e8b465ee728b)  -> (artifact id: 'd195cafab4a9fddf017d5a7ca7c60a6e') in 0.023141 seconds 
========================================================================
Received Import Request.
  Time since last request: 0.368397 seconds.
  path: Assets/Scripts/Factories/AntCreator.cs
  artifactKey: Guid(c63ff87dec740cb44b1a45670652c4ef) Importer(815301076,1909f56bfc062723c751e8b465ee728b)
Start importing Assets/Scripts/Factories/AntCreator.cs using Guid(c63ff87dec740cb44b1a45670652c4ef) Importer(815301076,1909f56bfc062723c751e8b465ee728b)  -> (artifact id: '3fd2309efc2ba04d4f2097ba09ac5f4e') in 0.020797 seconds 
========================================================================
Received Import Request.
  Time since last request: 0.427132 seconds.
  path: Assets/Scripts/Factories/SpiderFactory.cs
  artifactKey: Guid(1519271693449d74fa90be0e2796887a) Importer(815301076,1909f56bfc062723c751e8b465ee728b)
Start importing Assets/Scripts/Factories/SpiderFactory.cs using Guid(1519271693449d74fa90be0e2796887a) Importer(815301076,1909f56bfc062723c751e8b465ee728b)  -> (artifact id: '4fab25c8f1b65626e62846ec40e2bada') in 0.021988 seconds 
