Using pre-set license
Built from '2021.1/release' branch; Version is '2021.1.0f1 (61a549675243) revision 6399305'; Using compiler version '192528614'; Build Type 'Release'
OS: 'Windows 10 Home Single Language; OS build 19042.1237; Version 2009; 64bit' Language: 'en' Physical Memory: 16202 MB
BatchMode: 1, IsHumanControllingUs: 0, StartBugReporterOnCrash: 0, Is64bit: 1, IsPro: 0

 COMMAND LINE ARGUMENTS:
C:\Program Files\Unity\Hub\Editor\2021.1.0f1\Editor\Unity.exe
-adb2
-batchMode
-noUpm
-name
AssetImportWorker0
-projectPath
C:/Users/svigo/MyGitProject/Angry_Ants
-logFile
Logs/AssetImportWorker0.log
-srvPort
62030
Successfully changed project path to: C:/Users/svigo/MyGitProject/Angry_Ants
C:/Users/svigo/MyGitProject/Angry_Ants
Using Asset Import Pipeline V2.
Refreshing native plugins compatible for Editor in 101.43 ms, found 1 plugins.
Preloading 0 native plugins for Editor in 0.00 ms.
Initialize engine version: 2021.1.0f1 (61a549675243)
[Subsystems] Discovering subsystems at path C:/Program Files/Unity/Hub/Editor/2021.1.0f1/Editor/Data/Resources/UnitySubsystems
[Subsystems] Discovering subsystems at path C:/Users/svigo/MyGitProject/Angry_Ants/Assets
GfxDevice: creating device client; threaded=0; jobified=0
Direct3D:
    Version:  Direct3D 11.0 [level 11.1]
    Renderer: NVIDIA GeForce RTX 3060 Laptop GPU (ID=0x2520)
    Vendor:   NVIDIA
    VRAM:     6023 MB
    Driver:   27.21.14.6140
Initialize mono
Mono path[0] = 'C:/Program Files/Unity/Hub/Editor/2021.1.0f1/Editor/Data/Managed'
Mono path[1] = 'C:/Program Files/Unity/Hub/Editor/2021.1.0f1/Editor/Data/MonoBleedingEdge/lib/mono/unityjit'
Mono config path = 'C:/Program Files/Unity/Hub/Editor/2021.1.0f1/Editor/Data/MonoBleedingEdge/etc'
Using monoOptions --debugger-agent=transport=dt_socket,embedding=1,server=y,suspend=n,address=127.0.0.1:56480
Begin MonoManager ReloadAssembly
Registering precompiled unity dll's ...
Register platform support module: C:/Program Files/Unity/Hub/Editor/2021.1.0f1/Editor/Data/PlaybackEngines/WindowsStandaloneSupport/UnityEditor.WindowsStandalone.Extensions.dll
Registered in 0.002962 seconds.
Native extension for WindowsStandalone target not found
Refreshing native plugins compatible for Editor in 137.53 ms, found 1 plugins.
Preloading 0 native plugins for Editor in 0.00 ms.
Mono: successfully reloaded assembly
- Completed reload, in  2.195 seconds
Platform modules already initialized, skipping
Registering precompiled user dll's ...
Registered in 0.004412 seconds.
Begin MonoManager ReloadAssembly
Native extension for WindowsStandalone target not found
Refreshing native plugins compatible for Editor in 0.59 ms, found 1 plugins.
Preloading 0 native plugins for Editor in 0.00 ms.
Mono: successfully reloaded assembly
- Completed reload, in  1.463 seconds
Platform modules already initialized, skipping
========================================================================
Worker process is ready to serve import requests
Launched and connected shader compiler UnityShaderCompiler.exe after 0.05 seconds
Refreshing native plugins compatible for Editor in 0.93 ms, found 1 plugins.
Preloading 0 native plugins for Editor in 0.00 ms.
Unloading 2697 Unused Serialized files (Serialized files now loaded: 0)
System memory in use before: 98.6 MB.
System memory in use after: 98.8 MB.

Unloading 14 unused Assets to reduce memory usage. Loaded Objects now: 3150.
Total: 2.761800 ms (FindLiveObjects: 0.387800 ms CreateObjectMapping: 0.261900 ms MarkObjects: 2.050300 ms  DeleteObjects: 0.060000 ms)

========================================================================
Received Import Request.
  path: Assets/Scripts/MVC/EnemyView.cs
  artifactKey: Guid(bb14a42c6c43019438f4b73954963cd3) Importer(815301076,1909f56bfc062723c751e8b465ee728b)
Start importing Assets/Scripts/MVC/EnemyView.cs using Guid(bb14a42c6c43019438f4b73954963cd3) Importer(815301076,1909f56bfc062723c751e8b465ee728b)  -> (artifact id: 'e9507e5ea33a6b769282a6aeed50b1d5') in 0.031255 seconds 
========================================================================
Received Import Request.
  Time since last request: 319.434933 seconds.
  path: Assets/Scripts/MVC/EnemyView.cs
  artifactKey: Guid(bb14a42c6c43019438f4b73954963cd3) Importer(815301076,1909f56bfc062723c751e8b465ee728b)
Start importing Assets/Scripts/MVC/EnemyView.cs using Guid(bb14a42c6c43019438f4b73954963cd3) Importer(815301076,1909f56bfc062723c751e8b465ee728b)  -> (artifact id: 'd47c92b90690651d0781966d21dd2f1d') in 0.004106 seconds 
========================================================================
Received Prepare
Registering precompiled user dll's ...
Registered in 0.003658 seconds.
Begin MonoManager ReloadAssembly
Native extension for WindowsStandalone target not found
Refreshing native plugins compatible for Editor in 0.81 ms, found 1 plugins.
Preloading 0 native plugins for Editor in 0.00 ms.
Mono: successfully reloaded assembly
- Completed reload, in  0.901 seconds
Platform modules already initialized, skipping
Refreshing native plugins compatible for Editor in 0.68 ms, found 1 plugins.
Preloading 0 native plugins for Editor in 0.00 ms.
Unloading 2691 Unused Serialized files (Serialized files now loaded: 0)
System memory in use before: 98.6 MB.
System memory in use after: 98.8 MB.

Unloading 9 unused Assets to reduce memory usage. Loaded Objects now: 3153.
Total: 4.244700 ms (FindLiveObjects: 0.736800 ms CreateObjectMapping: 0.295200 ms MarkObjects: 3.190100 ms  DeleteObjects: 0.020800 ms)

========================================================================
Received Prepare
Registering precompiled user dll's ...
Registered in 0.002433 seconds.
Begin MonoManager ReloadAssembly
Native extension for WindowsStandalone target not found
Refreshing native plugins compatible for Editor in 0.54 ms, found 1 plugins.
Preloading 0 native plugins for Editor in 0.00 ms.
Mono: successfully reloaded assembly
- Completed reload, in  1.075 seconds
Platform modules already initialized, skipping
Refreshing native plugins compatible for Editor in 0.55 ms, found 1 plugins.
Preloading 0 native plugins for Editor in 0.00 ms.
Unloading 2691 Unused Serialized files (Serialized files now loaded: 0)
System memory in use before: 98.6 MB.
System memory in use after: 98.8 MB.

Unloading 9 unused Assets to reduce memory usage. Loaded Objects now: 3156.
Total: 2.070200 ms (FindLiveObjects: 0.195000 ms CreateObjectMapping: 0.161500 ms MarkObjects: 1.697000 ms  DeleteObjects: 0.016000 ms)

========================================================================
Received Import Request.
  Time since last request: 2789.416796 seconds.
  path: Assets/Scripts/MVC/EnemyView.cs
  artifactKey: Guid(bb14a42c6c43019438f4b73954963cd3) Importer(815301076,1909f56bfc062723c751e8b465ee728b)
Start importing Assets/Scripts/MVC/EnemyView.cs using Guid(bb14a42c6c43019438f4b73954963cd3) Importer(815301076,1909f56bfc062723c751e8b465ee728b)  -> (artifact id: '152c30f856c1a4f6f04e46dccf14da6f') in 0.010812 seconds 
========================================================================
Received Import Request.
  Time since last request: 30.361724 seconds.
  path: Assets/Resources/Insections/Ant.prefab
  artifactKey: Guid(8ea96dcf0afc0b64b8948865d6169b96) Importer(815301076,1909f56bfc062723c751e8b465ee728b)
Start importing Assets/Resources/Insections/Ant.prefab using Guid(8ea96dcf0afc0b64b8948865d6169b96) Importer(815301076,1909f56bfc062723c751e8b465ee728b)  -> (artifact id: 'fa1b3cb4ff2438e8da4b30deb4748bb2') in 0.161500 seconds 
========================================================================
Received Import Request.
  Time since last request: 0.000253 seconds.
  path: Assets/Resources/Insections
  artifactKey: Guid(d778bff8c4cf84f4384a0aa4ea6d4a09) Importer(815301076,1909f56bfc062723c751e8b465ee728b)
Start importing Assets/Resources/Insections using Guid(d778bff8c4cf84f4384a0aa4ea6d4a09) Importer(815301076,1909f56bfc062723c751e8b465ee728b)  -> (artifact id: '1405d1e11f2dafa2f32b953954aa9dfc') in 0.009072 seconds 
========================================================================
Received Import Request.
  Time since last request: 0.000313 seconds.
  path: Assets/Resources/Insections/Bug.prefab
  artifactKey: Guid(ddaa8ddd7296ea54ebe92465c4933dbb) Importer(815301076,1909f56bfc062723c751e8b465ee728b)
Start importing Assets/Resources/Insections/Bug.prefab using Guid(ddaa8ddd7296ea54ebe92465c4933dbb) Importer(815301076,1909f56bfc062723c751e8b465ee728b)  -> (artifact id: 'f65cd935c8268bbe5dd89e1aa4f20ec8') in 0.038643 seconds 
========================================================================
Received Import Request.
  Time since last request: 0.000367 seconds.
  path: Assets/Resources/Insections/Spider.prefab
  artifactKey: Guid(2547ac6bd174a064db234a02b779d17a) Importer(815301076,1909f56bfc062723c751e8b465ee728b)
Start importing Assets/Resources/Insections/Spider.prefab using Guid(2547ac6bd174a064db234a02b779d17a) Importer(815301076,1909f56bfc062723c751e8b465ee728b)  -> (artifact id: '67dff2e3a3cc405539867f5828fd147c') in 0.023211 seconds 
========================================================================
Received Import Request.
  Time since last request: 20.291616 seconds.
  path: Assets/Scripts/Model/Ant.cs
  artifactKey: Guid(0250081f492da9f459865891f314c73d) Importer(815301076,1909f56bfc062723c751e8b465ee728b)
Start importing Assets/Scripts/Model/Ant.cs using Guid(0250081f492da9f459865891f314c73d) Importer(815301076,1909f56bfc062723c751e8b465ee728b)  -> (artifact id: '96e724ac114d2565b2290dcfe3b6d541') in 0.007131 seconds 
========================================================================
Received Import Request.
  Time since last request: 0.931800 seconds.
  path: Assets/Scripts/Model/Bug.cs
  artifactKey: Guid(93023fd8945b66549a3e200543699d20) Importer(815301076,1909f56bfc062723c751e8b465ee728b)
Start importing Assets/Scripts/Model/Bug.cs using Guid(93023fd8945b66549a3e200543699d20) Importer(815301076,1909f56bfc062723c751e8b465ee728b)  -> (artifact id: '6286f9a8ccb0b340348158ce75c97cf9') in 0.007063 seconds 
========================================================================
Received Prepare
Registering precompiled user dll's ...
Registered in 0.003908 seconds.
Begin MonoManager ReloadAssembly
Native extension for WindowsStandalone target not found
Refreshing native plugins compatible for Editor in 0.53 ms, found 1 plugins.
Preloading 0 native plugins for Editor in 0.00 ms.
Mono: successfully reloaded assembly
- Completed reload, in  0.867 seconds
Platform modules already initialized, skipping
Refreshing native plugins compatible for Editor in 1.16 ms, found 1 plugins.
Preloading 0 native plugins for Editor in 0.00 ms.
Unloading 2689 Unused Serialized files (Serialized files now loaded: 0)
System memory in use before: 102.3 MB.
System memory in use after: 102.5 MB.

Unloading 12 unused Assets to reduce memory usage. Loaded Objects now: 3167.
Total: 3.153600 ms (FindLiveObjects: 0.335700 ms CreateObjectMapping: 0.230000 ms MarkObjects: 2.558500 ms  DeleteObjects: 0.028100 ms)

========================================================================
Received Import Request.
  Time since last request: 80.015685 seconds.
  path: Assets/Resources/Factories/InsectionsCreator.prefab
  artifactKey: Guid(34b35c8c04fd3ff42a253631da3542c0) Importer(815301076,1909f56bfc062723c751e8b465ee728b)
Start importing Assets/Resources/Factories/InsectionsCreator.prefab using Guid(34b35c8c04fd3ff42a253631da3542c0) Importer(815301076,1909f56bfc062723c751e8b465ee728b) 'BugCreator' is missing the class attribute 'ExtensionOfNativeClass'!

'AntCreator' is missing the class attribute 'ExtensionOfNativeClass'!

GameObject (named 'CreatorBug') references runtime script in scene file. Fixing!

'BugCreator' is missing the class attribute 'ExtensionOfNativeClass'!

GameObject (named 'CreatorAnt') references runtime script in scene file. Fixing!

'AntCreator' is missing the class attribute 'ExtensionOfNativeClass'!

 -> (artifact id: '374cc9c3cee1daca90f6027db6b68939') in 0.042935 seconds 
========================================================================
Received Import Request.
  Time since last request: 0.000320 seconds.
  path: Assets/Resources/Factories
  artifactKey: Guid(48a7bbe9cfaa55d489ff9d24de40c028) Importer(815301076,1909f56bfc062723c751e8b465ee728b)
Start importing Assets/Resources/Factories using Guid(48a7bbe9cfaa55d489ff9d24de40c028) Importer(815301076,1909f56bfc062723c751e8b465ee728b)  -> (artifact id: '1e27e45eaf43739e9159954034fda815') in 0.007995 seconds 
========================================================================
Received Prepare
Registering precompiled user dll's ...
Registered in 0.002430 seconds.
Begin MonoManager ReloadAssembly
Native extension for WindowsStandalone target not found
Refreshing native plugins compatible for Editor in 0.48 ms, found 1 plugins.
Preloading 0 native plugins for Editor in 0.00 ms.
Mono: successfully reloaded assembly
- Completed reload, in  0.866 seconds
Platform modules already initialized, skipping
Refreshing native plugins compatible for Editor in 1.02 ms, found 1 plugins.
Preloading 0 native plugins for Editor in 0.00 ms.
Unloading 2689 Unused Serialized files (Serialized files now loaded: 0)
System memory in use before: 102.4 MB.
System memory in use after: 102.7 MB.

Unloading 9 unused Assets to reduce memory usage. Loaded Objects now: 3170.
Total: 4.779300 ms (FindLiveObjects: 0.763600 ms CreateObjectMapping: 0.424500 ms MarkObjects: 3.543600 ms  DeleteObjects: 0.046300 ms)

========================================================================
Received Prepare
Registering precompiled user dll's ...
Registered in 0.003780 seconds.
Begin MonoManager ReloadAssembly
Native extension for WindowsStandalone target not found
Refreshing native plugins compatible for Editor in 0.91 ms, found 1 plugins.
Preloading 0 native plugins for Editor in 0.00 ms.
Mono: successfully reloaded assembly
- Completed reload, in  0.959 seconds
Platform modules already initialized, skipping
Refreshing native plugins compatible for Editor in 0.57 ms, found 1 plugins.
Preloading 0 native plugins for Editor in 0.00 ms.
Unloading 2689 Unused Serialized files (Serialized files now loaded: 0)
System memory in use before: 102.5 MB.
System memory in use after: 102.7 MB.

Unloading 9 unused Assets to reduce memory usage. Loaded Objects now: 3173.
Total: 2.868900 ms (FindLiveObjects: 0.332200 ms CreateObjectMapping: 0.272400 ms MarkObjects: 2.243600 ms  DeleteObjects: 0.019100 ms)

========================================================================
Received Prepare
Registering precompiled user dll's ...
Registered in 0.003004 seconds.
Begin MonoManager ReloadAssembly
Native extension for WindowsStandalone target not found
Refreshing native plugins compatible for Editor in 0.44 ms, found 1 plugins.
Preloading 0 native plugins for Editor in 0.00 ms.
Mono: successfully reloaded assembly
- Completed reload, in  0.844 seconds
Platform modules already initialized, skipping
Refreshing native plugins compatible for Editor in 0.85 ms, found 1 plugins.
Preloading 0 native plugins for Editor in 0.00 ms.
Unloading 2689 Unused Serialized files (Serialized files now loaded: 0)
System memory in use before: 102.5 MB.
System memory in use after: 102.7 MB.

Unloading 9 unused Assets to reduce memory usage. Loaded Objects now: 3176.
Total: 5.136000 ms (FindLiveObjects: 0.362400 ms CreateObjectMapping: 0.380500 ms MarkObjects: 4.321800 ms  DeleteObjects: 0.070000 ms)

========================================================================
Received Prepare
Registering precompiled user dll's ...
Registered in 0.002423 seconds.
Begin MonoManager ReloadAssembly
Native extension for WindowsStandalone target not found
Refreshing native plugins compatible for Editor in 0.77 ms, found 1 plugins.
Preloading 0 native plugins for Editor in 0.00 ms.
Mono: successfully reloaded assembly
- Completed reload, in  0.978 seconds
Platform modules already initialized, skipping
Refreshing native plugins compatible for Editor in 0.63 ms, found 1 plugins.
Preloading 0 native plugins for Editor in 0.00 ms.
Unloading 2689 Unused Serialized files (Serialized files now loaded: 0)
System memory in use before: 102.5 MB.
System memory in use after: 102.7 MB.

Unloading 9 unused Assets to reduce memory usage. Loaded Objects now: 3179.
Total: 3.414400 ms (FindLiveObjects: 0.291800 ms CreateObjectMapping: 0.213300 ms MarkObjects: 2.884800 ms  DeleteObjects: 0.022800 ms)

========================================================================
Received Prepare
Registering precompiled user dll's ...
Registered in 0.006465 seconds.
Begin MonoManager ReloadAssembly
Native extension for WindowsStandalone target not found
Refreshing native plugins compatible for Editor in 1.50 ms, found 1 plugins.
Preloading 0 native plugins for Editor in 0.00 ms.
Mono: successfully reloaded assembly
- Completed reload, in  1.732 seconds
Platform modules already initialized, skipping
Refreshing native plugins compatible for Editor in 1.05 ms, found 1 plugins.
Preloading 0 native plugins for Editor in 0.00 ms.
Unloading 2689 Unused Serialized files (Serialized files now loaded: 0)
System memory in use before: 102.5 MB.
System memory in use after: 102.7 MB.

Unloading 9 unused Assets to reduce memory usage. Loaded Objects now: 3182.
Total: 4.652400 ms (FindLiveObjects: 0.657300 ms CreateObjectMapping: 0.338600 ms MarkObjects: 3.628100 ms  DeleteObjects: 0.026500 ms)

========================================================================
Received Prepare
Registering precompiled user dll's ...
Registered in 0.003246 seconds.
Begin MonoManager ReloadAssembly
Native extension for WindowsStandalone target not found
Refreshing native plugins compatible for Editor in 1.44 ms, found 1 plugins.
Preloading 0 native plugins for Editor in 0.00 ms.
Mono: successfully reloaded assembly
- Completed reload, in  1.852 seconds
Platform modules already initialized, skipping
Refreshing native plugins compatible for Editor in 0.94 ms, found 1 plugins.
Preloading 0 native plugins for Editor in 0.00 ms.
Unloading 2689 Unused Serialized files (Serialized files now loaded: 0)
System memory in use before: 102.5 MB.
System memory in use after: 102.7 MB.

Unloading 9 unused Assets to reduce memory usage. Loaded Objects now: 3185.
Total: 6.772500 ms (FindLiveObjects: 1.071600 ms CreateObjectMapping: 0.611400 ms MarkObjects: 5.014600 ms  DeleteObjects: 0.073000 ms)

========================================================================
Received Prepare
Registering precompiled user dll's ...
Registered in 0.003695 seconds.
Begin MonoManager ReloadAssembly
Native extension for WindowsStandalone target not found
Refreshing native plugins compatible for Editor in 0.44 ms, found 1 plugins.
Preloading 0 native plugins for Editor in 0.00 ms.
Mono: successfully reloaded assembly
- Completed reload, in  0.839 seconds
Platform modules already initialized, skipping
Refreshing native plugins compatible for Editor in 0.57 ms, found 1 plugins.
Preloading 0 native plugins for Editor in 0.00 ms.
Unloading 2689 Unused Serialized files (Serialized files now loaded: 0)
System memory in use before: 102.5 MB.
System memory in use after: 102.7 MB.

Unloading 9 unused Assets to reduce memory usage. Loaded Objects now: 3188.
Total: 2.272600 ms (FindLiveObjects: 0.230100 ms CreateObjectMapping: 0.157700 ms MarkObjects: 1.865700 ms  DeleteObjects: 0.018300 ms)

========================================================================
Received Prepare
Registering precompiled user dll's ...
Registered in 0.002456 seconds.
Begin MonoManager ReloadAssembly
Native extension for WindowsStandalone target not found
Refreshing native plugins compatible for Editor in 0.49 ms, found 1 plugins.
Preloading 0 native plugins for Editor in 0.00 ms.
Mono: successfully reloaded assembly
- Completed reload, in  0.885 seconds
Platform modules already initialized, skipping
Refreshing native plugins compatible for Editor in 0.53 ms, found 1 plugins.
Preloading 0 native plugins for Editor in 0.00 ms.
Unloading 2689 Unused Serialized files (Serialized files now loaded: 0)
System memory in use before: 102.5 MB.
System memory in use after: 102.7 MB.

Unloading 9 unused Assets to reduce memory usage. Loaded Objects now: 3191.
Total: 2.262400 ms (FindLiveObjects: 0.255300 ms CreateObjectMapping: 0.178700 ms MarkObjects: 1.811000 ms  DeleteObjects: 0.016400 ms)

